To https://github.com/quantum-nebula-dev/bisp-mockups-v2.git
   0e70e83..23cf5ff  master -> master
2026-04-07 22:13:59 — Pushed (5 commits): feat(mockups): Create 5 inspired school mockup landing pages
To https://github.com/quantum-nebula-dev/bisp-mockups-v2.git
   23cf5ff..ceb759a  master -> master
2026-04-07 22:14:46 — Pushed (7 commits): feat(mockups): Create 5 inspired school landing pages
To https://github.com/quantum-nebula-dev/bisp-mockups-v2.git
   ceb759a..ac2f109  master -> master
2026-04-07 22:16:52 — Pushed (5 commits): fix: correction systématique des accents français
To https://github.com/quantum-nebula-dev/bisp-mockups-v2.git
   ac2f109..46b21c4  master -> master
2026-04-07 22:18:19 — Pushed (5 commits): fix: corrections d'accents français dans le contenu
To https://github.com/quantum-nebula-dev/bisp-mockups-v2.git
   46b21c4..2e091b9  master -> master
2026-04-07 22:20:00 — Pushed (5 commits): fix: corrections d'accents français dans index.html
To https://github.com/quantum-nebula-dev/bisp-mockups-v2.git
   2e091b9..69f7494  master -> master
2026-04-07 22:21:45 — Pushed (5 commits): fix: corrections orthographiques et accentuation sur Repton
To https://github.com/quantum-nebula-dev/bisp-mockups-v2.git
   69f7494..4236520  master -> master
2026-04-07 22:23:09 — Pushed (5 commits): fix: French language accents in navigation and aria-labels
